<?xml version="1.0" encoding="UTF-8"?>
<!-- Generated by org.testng.reporters.JUnitReportReporter -->
<testsuite hostname="DESKTOP-N9QFJ52" failures="0" tests="1" name="myHooks.WritingData" time="0.016" errors="0" timestamp="2021-12-08T13:34:24 IST" skipped="0">
  <testcase classname="myHooks.WritingData" name="enterDataInPropertyFile" time="0.016"/>
  <system-out/>
</testsuite> <!-- myHooks.WritingData -->
