<?xml version="1.0" encoding="UTF-8"?>
<!-- Generated by org.testng.reporters.JUnitReportReporter -->
<testsuite hostname="DESKTOP-N9QFJ52" failures="0" tests="2" name="testRuns.TestRunner1" time="0.528" errors="0" timestamp="2021-12-06T12:49:51 IST" skipped="0">
  <testcase classname="testRuns.TestRunner1" name="runScenario" time="0.503"/>
  <system-out/>
  <testcase classname="testRuns.TestRunner1" name="runScenario" time="0.025"/>
  <system-out/>
</testsuite> <!-- testRuns.TestRunner1 -->
