<?xml version="1.0" encoding="UTF-8"?>
<!-- Generated by org.testng.reporters.JUnitReportReporter -->
<testsuite hostname="DESKTOP-N9QFJ52" failures="0" tests="2" name="stepDefinations.DataProviderClass" time="0.011" errors="0" timestamp="2021-12-06T22:47:57 IST" skipped="0">
  <testcase classname="stepDefinations.DataProviderClass" name="fun1" time="0.002"/>
  <system-out/>
  <testcase classname="stepDefinations.DataProviderClass" name="fun1" time="0.009"/>
  <system-out/>
</testsuite> <!-- stepDefinations.DataProviderClass -->
