<?xml version="1.0" encoding="UTF-8"?>
<!-- Generated by org.testng.reporters.JUnitReportReporter -->
<testsuite hostname="DESKTOP-N9QFJ52" failures="0" tests="2" name="testRuns.TestRunner1" time="0.231" errors="0" timestamp="2021-12-05T14:30:20 IST" skipped="0">
  <testcase classname="testRuns.TestRunner1" name="runScenario" time="0.015"/>
  <system-out/>
  <testcase classname="testRuns.TestRunner1" name="runScenario" time="0.216"/>
  <system-out/>
</testsuite> <!-- testRuns.TestRunner1 -->
