<?xml version="1.0" encoding="UTF-8"?>
<!-- Generated by org.testng.reporters.JUnitReportReporter -->
<testsuite hostname="DESKTOP-N9QFJ52" failures="0" tests="1" name="myHooks.WritingData" time="0.011" errors="0" timestamp="2021-12-06T15:13:54 IST" skipped="0">
  <testcase classname="myHooks.WritingData" name="enterDataInPropertyFile" time="0.011"/>
  <system-out/>
</testsuite> <!-- myHooks.WritingData -->
