<?xml version="1.0" encoding="UTF-8"?>
<!-- Generated by org.testng.reporters.JUnitReportReporter -->
<testsuite hostname="DESKTOP-N9QFJ52" failures="0" tests="2" name="testRuns.TestRunner1" time="0.171" errors="0" timestamp="2021-12-05T14:53:35 IST" skipped="0">
  <testcase classname="testRuns.TestRunner1" name="runScenario" time="0.015"/>
  <system-out/>
  <testcase classname="testRuns.TestRunner1" name="runScenario" time="0.156"/>
  <system-out/>
</testsuite> <!-- testRuns.TestRunner1 -->
