<?xml version="1.0" encoding="UTF-8"?>
<!-- Generated by org.testng.reporters.JUnitReportReporter -->
<testsuite hostname="DESKTOP-N9QFJ52" failures="0" tests="2" name="testRuns.TestRunner1" time="12.013" errors="0" timestamp="2021-12-06T15:13:54 IST" skipped="0">
  <testcase classname="testRuns.TestRunner1" name="runScenario" time="7.856"/>
  <system-out/>
  <testcase classname="testRuns.TestRunner1" name="runScenario" time="4.157"/>
  <system-out/>
</testsuite> <!-- testRuns.TestRunner1 -->
