<?xml version="1.0" encoding="UTF-8"?>
<!-- Generated by org.testng.reporters.JUnitReportReporter -->
<testsuite hostname="DESKTOP-N9QFJ52" failures="0" tests="3" name="testRuns.TestRunner1" time="48.961" errors="0" timestamp="2021-12-07T13:11:35 IST" skipped="0">
  <testcase classname="testRuns.TestRunner1" name="runScenario" time="10.899"/>
  <system-out/>
  <testcase classname="testRuns.TestRunner1" name="runScenario" time="15.181"/>
  <system-out/>
  <testcase classname="testRuns.TestRunner1" name="runScenario" time="22.881"/>
  <system-out/>
</testsuite> <!-- testRuns.TestRunner1 -->
