<?xml version="1.0" encoding="UTF-8"?>
<!-- Generated by org.testng.reporters.JUnitReportReporter -->
<testsuite skipped="0" hostname="DESKTOP-N9QFJ52" name="myHooks.WritingData" tests="1" failures="0" timestamp="2021-12-08T13:45:26 IST" time="0.013" errors="0">
  <testcase name="enterDataInPropertyFile" time="0.013" classname="myHooks.WritingData"/>
  <system-out/>
</testsuite> <!-- myHooks.WritingData -->
